checking for a BSD-compatible install... /usr/bin/install -c
checking whether build environment is sane... yes
checking for a thread-safe mkdir -p... /usr/bin/mkdir -p
checking for gawk... gawk
checking whether make sets $(MAKE)... yes
checking whether make supports nested variables... yes
checking whether make supports nested variables... (cached) yes
checking whether make supports the include directive... yes (GNU style)
checking for gcc... gcc
checking whether the C compiler works... yes
checking for C compiler default output file name... a.out
checking for suffix of executables... 
checking whether we are cross compiling... no
checking for suffix of object files... o
checking whether we are using the GNU C compiler... yes
checking whether gcc accepts -g... yes
checking for gcc option to accept ISO C89... none needed
checking whether gcc understands -c and -o together... yes
checking dependency style of gcc... gcc3
checking how to run the C preprocessor... gcc -E
checking for grep that handles long lines and -e... /usr/bin/grep
checking for egrep... /usr/bin/grep -E
checking for ANSI C header files... yes
checking for sys/types.h... yes
checking for sys/stat.h... yes
checking for stdlib.h... yes
checking for string.h... yes
checking for memory.h... yes
checking for strings.h... yes
checking for inttypes.h... yes
checking for stdint.h... yes
checking for unistd.h... yes
checking minix/config.h usability... no
checking minix/config.h presence... no
checking for minix/config.h... no
checking whether it is safe to define __EXTENSIONS__... yes
checking build system type... x86_64-pc-linux-gnu
checking host system type... x86_64-pc-linux-gnu
checking how to print strings... printf
checking for a sed that does not truncate output... /usr/bin/sed
checking for fgrep... /usr/bin/grep -F
checking for ld used by gcc... /usr/bin/ld
checking if the linker (/usr/bin/ld) is GNU ld... yes
checking for BSD- or MS-compatible name lister (nm)... /usr/bin/nm -B
checking the name lister (/usr/bin/nm -B) interface... BSD nm
checking whether ln -s works... yes
checking the maximum length of command line arguments... 1572864
checking how to convert x86_64-pc-linux-gnu file names to x86_64-pc-linux-gnu format... func_convert_file_noop
checking how to convert x86_64-pc-linux-gnu file names to toolchain format... func_convert_file_noop
checking for /usr/bin/ld option to reload object files... -r
checking for objdump... objdump
checking how to recognize dependent libraries... pass_all
checking for dlltool... no
checking how to associate runtime and link libraries... printf %s\n
checking for ar... ar
checking for archiver @FILE support... @
checking for strip... strip
checking for ranlib... ranlib
checking command to parse /usr/bin/nm -B output from gcc object... ok
checking for sysroot... no
checking for a working dd... /usr/bin/dd
checking how to truncate binary pipes... /usr/bin/dd bs=4096 count=1
checking for mt... mt
checking if mt is a manifest tool... no
checking for dlfcn.h... yes
checking for objdir... .libs
checking if gcc supports -fno-rtti -fno-exceptions... no
checking for gcc option to produce PIC... -fPIC -DPIC
checking if gcc PIC flag -fPIC -DPIC works... yes
checking if gcc static flag -static works... yes
checking if gcc supports -c -o file.o... yes
checking if gcc supports -c -o file.o... (cached) yes
checking whether the gcc linker (/usr/bin/ld -m elf_x86_64) supports shared libraries... yes
checking dynamic linker characteristics... GNU/Linux ld.so
checking how to hardcode library paths into programs... immediate
checking whether stripping libraries is possible... yes
checking if libtool supports shared libraries... yes
checking whether to build shared libraries... no
checking whether to build static libraries... yes
checking for pkg-config... /usr/bin/pkg-config
checking pkg-config is at least version 0.9.0... yes
checking for LZ4... yes
checking whether to build with code coverage support... no
checking for stdlib.h... (cached) yes
checking for string.h... (cached) yes
checking stdio.h usability... yes
checking stdio.h presence... yes
checking for stdio.h... yes
checking assert.h usability... yes
checking assert.h presence... yes
checking for assert.h... yes
checking for unistd.h... (cached) yes
checking linux/io_uring.h usability... yes
checking linux/io_uring.h presence... yes
checking for linux/io_uring.h... yes
checking linux/aio_abi.h usability... yes
checking linux/aio_abi.h presence... yes
checking for linux/aio_abi.h... yes
checking for zfs... no
checking for size_t... yes
checking for ssize_t... yes
checking for uint8_t... yes
checking for uint16_t... yes
checking for uint32_t... yes
checking for uint64_t... yes
checking whether UV_FS_O_CREAT is declared... yes
checking for special C compiler options needed for large files... no
checking for _FILE_OFFSET_BITS value needed for large files... no
checking if gcc supports flag -std=c11 in envvar CFLAGS... yes
checking if gcc supports flag -g in envvar CFLAGS... yes
checking if gcc supports flag --mcet in envvar CFLAGS... no
checking if gcc supports flag -fcf-protection in envvar CFLAGS... yes
checking if gcc supports flag --param=ssp-buffer-size=4 in envvar CFLAGS... yes
checking if gcc supports flag -pipe in envvar CFLAGS... yes
checking if gcc supports flag -fno-strict-aliasing in envvar CFLAGS... yes
checking if gcc supports flag -fdiagnostics-color in envvar CFLAGS... yes
checking if gcc supports flag -fexceptions in envvar CFLAGS... yes
checking if gcc supports flag -fstack-clash-protection in envvar CFLAGS... yes
checking if gcc supports flag -fstack-protector-strong in envvar CFLAGS... yes
checking if gcc supports flag -fasynchronous-unwind-tables in envvar CFLAGS... yes
checking if gcc supports flag -fdiagnostics-show-option in envvar CFLAGS... yes
checking if gcc supports flag -Wall in envvar CFLAGS... yes
checking if gcc supports flag -Wextra in envvar CFLAGS... yes
checking if gcc supports flag -Wpedantic in envvar CFLAGS... yes
checking if gcc supports flag -Wimplicit-fallthrough=5 in envvar CFLAGS... yes
checking if gcc supports flag -Wcast-align in envvar CFLAGS... yes
checking if gcc supports flag -Wstrict-prototypes in envvar CFLAGS... yes
checking if gcc supports flag -Wlogical-op in envvar CFLAGS... yes
checking if gcc supports flag -Wmissing-include-dirs in envvar CFLAGS... yes
checking if gcc supports flag -Wold-style-definition in envvar CFLAGS... yes
checking if gcc supports flag -Winit-self in envvar CFLAGS... yes
checking if gcc supports flag -Wfloat-equal in envvar CFLAGS... yes
checking if gcc supports flag -Wsuggest-attribute=noreturn in envvar CFLAGS... yes
checking if gcc supports flag -Wformat=2 in envvar CFLAGS... yes
checking if gcc supports flag -Wendif-labels in envvar CFLAGS... yes
checking if gcc supports flag -Wdate-time in envvar CFLAGS... yes
checking if gcc supports flag -Wnested-externs in envvar CFLAGS... yes
checking if gcc supports flag -Wconversion in envvar CFLAGS... yes
checking if gcc supports flag -Werror=implicit-function-declaration in envvar CFLAGS... yes
checking if gcc supports flag -Wunused-but-set-variable in envvar CFLAGS... yes
checking if gcc supports flag -Werror=return-type in envvar CFLAGS... yes
checking if gcc supports flag -Werror=incompatible-pointer-types in envvar CFLAGS... yes
checking if gcc supports flag -Wshadow in envvar CFLAGS... yes
checking if gcc supports flag -Werror=overflow in envvar CFLAGS... yes
checking if gcc supports flag -Werror=shift-count-overflow in envvar CFLAGS... yes
checking if gcc supports flag -Werror=shift-overflow=2 in envvar CFLAGS... yes
checking if gcc supports flag -Warray-bounds in envvar CFLAGS... yes
checking if gcc supports flag -Wrestrict in envvar CFLAGS... yes
checking if gcc supports flag -Wreturn-local-addr in envvar CFLAGS... yes
checking if gcc supports flag -Wstringop-overflow in envvar CFLAGS... yes
checking if gcc supports flag -z in envvar LDFLAGS... no
checking if gcc supports flag relro in envvar LDFLAGS... no
checking if gcc supports flag -z in envvar LDFLAGS... (cached) no
checking if gcc supports flag now in envvar LDFLAGS... no
checking if gcc supports flag -fstack-protector-strong in envvar LDFLAGS... yes
checking if gcc supports flag --param=ssp-buffer-size=4 in envvar LDFLAGS... yes
checking that generated files are newer than configure... done
configure: creating ./config.status
config.status: creating raft.pc
config.status: creating Makefile
config.status: executing depfiles commands
config.status: executing libtool commands
